<?xml version="1.0" encoding="UTF-8"?>
<!-- Generated by org.testng.reporters.JUnitXMLReporter -->
<testsuite hostname="DESKTOP-U4RUEBA" ignored="0" name="Try2" tests="1" failures="1" timestamp="04 七月 2017 08:33:30 GMT" time="0.053" errors="0">
  <testcase name="createRouterAll" time="0.028" classname="cloud.router.CreateRouter">
    <failure type="jxl.read.biff.BiffException" message="Unable to recognize OLE stream">
      <![CDATA[jxl.read.biff.BiffException: Unable to recognize OLE stream
	at jxl.read.biff.CompoundFile.<init>(CompoundFile.java:116)
	at jxl.read.biff.File.<init>(File.java:127)
	at jxl.Workbook.getWorkbook(Workbook.java:268)
	at jxl.Workbook.getWorkbook(Workbook.java:253)
	at common.Login.loginSeting(Login.java:25)
	at common.Base.beforeTest(Base.java:31)
	at cloud.router.CreateRouter.createRouterAll(CreateRouter.java:36)
	at java.util.concurrent.ThreadPoolExecutor.runWorker(Unknown Source)
	at java.util.concurrent.ThreadPoolExecutor$Worker.run(Unknown Source)
	at java.lang.Thread.run(Unknown Source)
... Removed 10 stack frames]]>
    </failure>
  </testcase> <!-- createRouterAll -->
</testsuite> <!-- Try2 -->
