<?xml version="1.0" encoding="UTF-8"?>
<testng-results skipped="0" failed="0" total="1" passed="1">
  <reporter-output>
  </reporter-output>
  <suite name="Default suite" duration-ms="71550" started-at="2017-06-16T09:17:04Z" finished-at="2017-06-16T09:18:15Z">
    <groups>
    </groups>
    <test name="Default test" duration-ms="71550" started-at="2017-06-16T09:17:04Z" finished-at="2017-06-16T09:18:15Z">
      <class name="cloud.image.DelImage">
        <test-method status="PASS" signature="delAllImage()[pri:0, instance:cloud.image.DelImage@7164d2b3]" name="delAllImage" duration-ms="71532" started-at="2017-06-16T17:17:04Z" finished-at="2017-06-16T17:18:15Z">
          <reporter-output>
          </reporter-output>
        </test-method> <!-- delAllImage -->
      </class> <!-- cloud.image.DelImage -->
    </test> <!-- Default test -->
  </suite> <!-- Default suite -->
</testng-results>
